Doc2Vec(dbow,d300,n5,mc2,t8)
alpha: 0.025

accuracies: [0.90400236301875647, 0.91387206382035746, 0.9070763776037819, 0.91357659920224554, 0.90781503914906192]
mean accuracy: 0.909268488559
categories accuracies:
eap          0.959117
fuse         0.863281
devstudio    0.769039
dtype: float64
done

Training D2V model Doc2Vec(dbow,d300,n5,mc5,t8)
learning convergence alpha: 0.1

2017-03-03 14:03:22,895 : INFO : Cat accuracies:
accuracies: [0.91212523999409245, 0.91623578076525336, 0.91682671000147731, 0.92613384547200472, 0.91239474072979765]
[0.9594529750479847, 0.8631452581032413, 0.7903743315508022]
mean accuracy: 0.916743263393
categories accuracies:
eap          0.960845
fuse         0.870604
devstudio    0.802397
dtype: float64
done

Training D2V model Doc2Vec(dm/s,d300,n5,w8,mc5,t8)
2017-03-03 14:03:43,953 : INFO : Epoch 9 learning convergence alpha: 0.1
accuracies: [0.61098803721754547, 0.61560053183631258, 0.61560053183631258, 0.61589599645442461, 0.61545279952725662]
mean accuracy: 0.614707579374
categories accuracies:
eap          0.972217
fuse         0.059417
devstudio    0.010693
dtype: float64
done

Training D2V model Doc2Vec(dbow,d300,n5,mc5,t8)
Epoch 9 convergence descent alpha: 0.1
accuracies: [0.92829921120269432, 0.9275901799166888, 0.92935023490825286]
mean accuracy: 0.928413208676
categories accuracies:
eap          0.966219
fuse         0.894971
devstudio    0.819504
dtype: float64
done
