accuracy for this run: 0.850655903128
partial accuracy for categories:
        eap      fuse  devstudio
0  0.929607  0.716612   0.826733
0  0.935950  0.844776   0.750000
0  0.943844  0.677019   0.830097
0  0.969027  0.554252   0.838384
0  0.919540  0.819718   0.756219
done
average accuracy: 0.839991373979
avg mean accuracies for groups:
eap          0.939594
fuse         0.722476
devstudio    0.800287
dtype: float64

accuracy for this run: 0.596711798839
partial accuracy for categories:
        eap      fuse  devstudio  webserver
0  0.812500  0.301994   0.685864        0.0
0  0.849687  0.498516   0.244565        0.0
0  0.419624  0.826471   0.000000        0.0
0  0.843612  0.541311   0.079787        0.0
0  0.880851  0.604167   0.000000        0.0
done
average accuracy: 0.56247582205
avg mean accuracies for groups:
eap          0.761255
fuse         0.554492
devstudio    0.202043
webserver    0.000000
dtype: float64

random forrest (w content filtering):

partial accuracy for categories:
        eap      fuse  devstudio  webserver
0  0.746377  0.703947   0.402439        0.0
0  0.836601  0.720779   0.405797        0.0
0  0.732919  0.791946   0.462687        0.0
0  0.801471  0.719298   0.411765        0.0
0  0.686667  0.688312   0.472222        0.0
done
average accuracy: 0.668739491203
avg mean accuracies for groups:
eap          0.760807
fuse         0.724857
devstudio    0.430982
webserver    0.000000

partial accuracy for categories:
        eap      fuse  devstudio  webserver
0  0.716867  0.718310   0.391304        0.0
0  0.758389  0.801205   0.460317        0.0
0  0.753425  0.740964   0.453125        0.0
0  0.656051  0.721519   0.507692        0.0
0  0.791667  0.739130   0.318841        0.0
done
average accuracy: 0.673977827293
avg mean accuracies for groups:
eap          0.735280
fuse         0.744226
devstudio    0.426256
webserver    0.000000

trees:
accuracy for this run: 0.676939426142
partial accuracy for categories:
        eap      fuse  devstudio  webserver
0  0.793388  0.652015   0.479452   0.000000
0  0.790909  0.663430   0.483660   0.050000
0  0.779698  0.638298   0.519231   0.024390
0  0.808602  0.647059   0.478528   0.048780
0  0.802198  0.643599   0.508982   0.033333
done
average accuracy: 0.669713071201
avg mean accuracies for groups:
eap          0.794959
fuse         0.648880
devstudio    0.493971
webserver    0.031301
